0 info it worked if it ends with ok
1 verbose cli [ '/usr/bin/nodejs',
1 verbose cli   '/usr/bin/npm',
1 verbose cli   'install',
1 verbose cli   'lodash',
1 verbose cli   '--save' ]
2 info using npm@3.5.2
3 info using node@v4.2.6
4 silly loadCurrentTree Starting
5 silly install loadCurrentTree
6 silly install readLocalPackageData
7 silly fetchPackageMetaData lodash
8 silly fetchNamedPackageData lodash
9 silly mapToRegistry name lodash
10 silly mapToRegistry using default registry
11 silly mapToRegistry registry https://registry.npmjs.org/
12 silly mapToRegistry uri https://registry.npmjs.org/lodash
13 verbose request uri https://registry.npmjs.org/lodash
14 verbose request no auth needed
15 info attempt registry request try #1 at 9:04:32 PM
16 verbose request id 285e8f90f6111832
17 verbose etag W/"59c94d9e-29f22"
18 verbose lastModified Mon, 25 Sep 2017 18:40:30 GMT
19 http request GET https://registry.npmjs.org/lodash
20 http 304 https://registry.npmjs.org/lodash
21 verbose headers { date: 'Tue, 26 Sep 2017 00:04:33 GMT',
21 verbose headers   via: '1.1 varnish',
21 verbose headers   'cache-control': 'max-age=300',
21 verbose headers   etag: 'W/"59c94d9e-29f22"',
21 verbose headers   age: '32',
21 verbose headers   connection: 'keep-alive',
21 verbose headers   'x-served-by': 'cache-gru17121-GRU',
21 verbose headers   'x-cache': 'HIT',
21 verbose headers   'x-cache-hits': '2',
21 verbose headers   'x-timer': 'S1506384273.290718,VS0,VE0',
21 verbose headers   vary: 'Accept-Encoding, Accept' }
22 silly get cb [ 304,
22 silly get   { date: 'Tue, 26 Sep 2017 00:04:33 GMT',
22 silly get     via: '1.1 varnish',
22 silly get     'cache-control': 'max-age=300',
22 silly get     etag: 'W/"59c94d9e-29f22"',
22 silly get     age: '32',
22 silly get     connection: 'keep-alive',
22 silly get     'x-served-by': 'cache-gru17121-GRU',
22 silly get     'x-cache': 'HIT',
22 silly get     'x-cache-hits': '2',
22 silly get     'x-timer': 'S1506384273.290718,VS0,VE0',
22 silly get     vary: 'Accept-Encoding, Accept' } ]
23 verbose etag https://registry.npmjs.org/lodash from cache
24 verbose get saving lodash to /home/laboratoria/.npm/registry.npmjs.org/lodash/.cache.json
25 silly install normalizeTree
26 silly loadCurrentTree Finishing
27 silly loadIdealTree Starting
28 silly install loadIdealTree
29 silly cloneCurrentTree Starting
30 silly install cloneCurrentTreeToIdealTree
31 silly cloneCurrentTree Finishing
32 silly loadShrinkwrap Starting
33 silly install loadShrinkwrap
34 silly loadShrinkwrap Finishing
35 silly loadAllDepsIntoIdealTree Starting
36 silly install loadAllDepsIntoIdealTree
37 silly resolveWithNewModule lodash@4.17.4 checking installable status
38 silly cache add args [ 'lodash', null ]
39 verbose cache add spec lodash
40 silly cache add parsed spec Result {
40 silly cache add   raw: 'lodash',
40 silly cache add   scope: null,
40 silly cache add   name: 'lodash',
40 silly cache add   rawSpec: '',
40 silly cache add   spec: 'latest',
40 silly cache add   type: 'tag' }
41 silly addNamed lodash@latest
42 verbose addNamed "latest" is being treated as a dist-tag for lodash
43 info addNameTag [ 'lodash', 'latest' ]
44 silly mapToRegistry name lodash
45 silly mapToRegistry using default registry
46 silly mapToRegistry registry https://registry.npmjs.org/
47 silly mapToRegistry uri https://registry.npmjs.org/lodash
48 verbose addNameTag registry:https://registry.npmjs.org/lodash not in flight; fetching
49 verbose get https://registry.npmjs.org/lodash not expired, no request
50 silly addNameTag next cb for lodash with tag latest
51 silly addNamed lodash@4.17.4
52 verbose addNamed "4.17.4" is a plain semver version for lodash
53 silly cache afterAdd lodash@4.17.4
54 verbose afterAdd /home/laboratoria/.npm/lodash/4.17.4/package/package.json not in flight; writing
55 verbose afterAdd /home/laboratoria/.npm/lodash/4.17.4/package/package.json written
56 silly fetchNamedPackageData fsevents
57 silly mapToRegistry name fsevents
58 silly mapToRegistry using default registry
59 silly mapToRegistry registry https://registry.npmjs.org/
60 silly mapToRegistry uri https://registry.npmjs.org/fsevents
61 verbose request uri https://registry.npmjs.org/fsevents
62 verbose request no auth needed
63 info attempt registry request try #1 at 9:04:34 PM
64 verbose etag W/"597215e7-dd9a"
65 verbose lastModified Fri, 21 Jul 2017 14:55:35 GMT
66 http request GET https://registry.npmjs.org/fsevents
67 http 304 https://registry.npmjs.org/fsevents
68 verbose headers { date: 'Tue, 26 Sep 2017 00:04:34 GMT',
68 verbose headers   via: '1.1 varnish',
68 verbose headers   'cache-control': 'max-age=300',
68 verbose headers   etag: 'W/"597215e7-dd9a"',
68 verbose headers   age: '4',
68 verbose headers   connection: 'keep-alive',
68 verbose headers   'x-served-by': 'cache-gru17124-GRU',
68 verbose headers   'x-cache': 'HIT',
68 verbose headers   'x-cache-hits': '1',
68 verbose headers   'x-timer': 'S1506384275.878725,VS0,VE0',
68 verbose headers   vary: 'Accept-Encoding, Accept' }
69 silly get cb [ 304,
69 silly get   { date: 'Tue, 26 Sep 2017 00:04:34 GMT',
69 silly get     via: '1.1 varnish',
69 silly get     'cache-control': 'max-age=300',
69 silly get     etag: 'W/"597215e7-dd9a"',
69 silly get     age: '4',
69 silly get     connection: 'keep-alive',
69 silly get     'x-served-by': 'cache-gru17124-GRU',
69 silly get     'x-cache': 'HIT',
69 silly get     'x-cache-hits': '1',
69 silly get     'x-timer': 'S1506384275.878725,VS0,VE0',
69 silly get     vary: 'Accept-Encoding, Accept' } ]
70 verbose etag https://registry.npmjs.org/fsevents from cache
71 verbose get saving fsevents to /home/laboratoria/.npm/registry.npmjs.org/fsevents/.cache.json
72 silly resolveWithNewModule fsevents@1.1.2 checking installable status
73 silly loadAllDepsIntoIdealTree Finishing
74 silly idealTree:prePrune 01-state@0.0.1
74 silly idealTree:prePrune ├── abab@1.0.4
74 silly idealTree:prePrune ├── acorn-globals@3.1.0
74 silly idealTree:prePrune ├── acorn@4.0.13
74 silly idealTree:prePrune ├── ajv@5.2.3
74 silly idealTree:prePrune ├── align-text@0.1.4
74 silly idealTree:prePrune ├── amdefine@1.0.1
74 silly idealTree:prePrune ├── ansi-escapes@3.0.0
74 silly idealTree:prePrune ├── ansi-regex@2.1.1
74 silly idealTree:prePrune ├── ansi-styles@3.2.0
74 silly idealTree:prePrune ├── anymatch@1.3.2
74 silly idealTree:prePrune ├── append-transform@0.4.0
74 silly idealTree:prePrune ├── argparse@1.0.9
74 silly idealTree:prePrune ├── arr-diff@2.0.0
74 silly idealTree:prePrune ├── arr-flatten@1.1.0
74 silly idealTree:prePrune ├── array-equal@1.0.0
74 silly idealTree:prePrune ├── array-unique@0.2.1
74 silly idealTree:prePrune ├── arrify@1.0.1
74 silly idealTree:prePrune ├── asn1@0.2.3
74 silly idealTree:prePrune ├── assert-plus@1.0.0
74 silly idealTree:prePrune ├── astral-regex@1.0.0
74 silly idealTree:prePrune ├── async@2.5.0
74 silly idealTree:prePrune ├── asynckit@0.4.0
74 silly idealTree:prePrune ├── aws-sign2@0.7.0
74 silly idealTree:prePrune ├── aws4@1.6.0
74 silly idealTree:prePrune ├─┬ babel-code-frame@6.26.0
74 silly idealTree:prePrune │ ├── ansi-styles@2.2.1
74 silly idealTree:prePrune │ ├── chalk@1.1.3
74 silly idealTree:prePrune │ ├── strip-ansi@3.0.1
74 silly idealTree:prePrune │ └── supports-color@2.0.0
74 silly idealTree:prePrune ├── babel-core@6.26.0
74 silly idealTree:prePrune ├── babel-generator@6.26.0
74 silly idealTree:prePrune ├── babel-helpers@6.24.1
74 silly idealTree:prePrune ├── babel-jest@21.0.2
74 silly idealTree:prePrune ├── babel-messages@6.23.0
74 silly idealTree:prePrune ├── babel-plugin-istanbul@4.1.5
74 silly idealTree:prePrune ├── babel-plugin-jest-hoist@21.0.2
74 silly idealTree:prePrune ├── babel-preset-jest@21.0.2
74 silly idealTree:prePrune ├── babel-register@6.26.0
74 silly idealTree:prePrune ├── babel-runtime@6.26.0
74 silly idealTree:prePrune ├── babel-template@6.26.0
74 silly idealTree:prePrune ├── babel-traverse@6.26.0
74 silly idealTree:prePrune ├── babel-types@6.26.0
74 silly idealTree:prePrune ├── babylon@6.18.0
74 silly idealTree:prePrune ├── balanced-match@1.0.0
74 silly idealTree:prePrune ├── bcrypt-pbkdf@1.0.1
74 silly idealTree:prePrune ├── boom@4.3.1
74 silly idealTree:prePrune ├── brace-expansion@1.1.8
74 silly idealTree:prePrune ├── braces@1.8.5
74 silly idealTree:prePrune ├── browser-resolve@1.11.2
74 silly idealTree:prePrune ├── bser@2.0.0
74 silly idealTree:prePrune ├── builtin-modules@1.1.1
74 silly idealTree:prePrune ├── callsites@2.0.0
74 silly idealTree:prePrune ├── camelcase@1.2.1
74 silly idealTree:prePrune ├── caseless@0.12.0
74 silly idealTree:prePrune ├── center-align@0.1.3
74 silly idealTree:prePrune ├── chalk@2.1.0
74 silly idealTree:prePrune ├── ci-info@1.1.1
74 silly idealTree:prePrune ├─┬ cliui@2.1.0
74 silly idealTree:prePrune │ └── wordwrap@0.0.2
74 silly idealTree:prePrune ├── co@4.6.0
74 silly idealTree:prePrune ├── code-point-at@1.1.0
74 silly idealTree:prePrune ├── color-convert@1.9.0
74 silly idealTree:prePrune ├── color-name@1.1.3
74 silly idealTree:prePrune ├── combined-stream@1.0.5
74 silly idealTree:prePrune ├── concat-map@0.0.1
74 silly idealTree:prePrune ├── content-type-parser@1.0.1
74 silly idealTree:prePrune ├── convert-source-map@1.5.0
74 silly idealTree:prePrune ├── core-js@2.5.1
74 silly idealTree:prePrune ├── core-util-is@1.0.2
74 silly idealTree:prePrune ├── cross-spawn@5.1.0
74 silly idealTree:prePrune ├─┬ cryptiles@3.1.2
74 silly idealTree:prePrune │ └── boom@5.2.0
74 silly idealTree:prePrune ├── cssom@0.3.2
74 silly idealTree:prePrune ├── cssstyle@0.2.37
74 silly idealTree:prePrune ├── dashdash@1.14.1
74 silly idealTree:prePrune ├── debug@2.6.9
74 silly idealTree:prePrune ├── decamelize@1.2.0
74 silly idealTree:prePrune ├── deep-is@0.1.3
74 silly idealTree:prePrune ├── default-require-extensions@1.0.0
74 silly idealTree:prePrune ├── delayed-stream@1.0.0
74 silly idealTree:prePrune ├── detect-indent@4.0.0
74 silly idealTree:prePrune ├── diff@3.3.1
74 silly idealTree:prePrune ├── ecc-jsbn@0.1.1
74 silly idealTree:prePrune ├── errno@0.1.4
74 silly idealTree:prePrune ├── error-ex@1.3.1
74 silly idealTree:prePrune ├── escape-string-regexp@1.0.5
74 silly idealTree:prePrune ├─┬ escodegen@1.9.0
74 silly idealTree:prePrune │ └── esprima@3.1.3
74 silly idealTree:prePrune ├── esprima@4.0.0
74 silly idealTree:prePrune ├── estraverse@4.2.0
74 silly idealTree:prePrune ├── esutils@2.0.2
74 silly idealTree:prePrune ├── exec-sh@0.2.1
74 silly idealTree:prePrune ├── execa@0.7.0
74 silly idealTree:prePrune ├── expand-brackets@0.1.5
74 silly idealTree:prePrune ├── expand-range@1.8.2
74 silly idealTree:prePrune ├── expect@21.1.0
74 silly idealTree:prePrune ├── extend@3.0.1
74 silly idealTree:prePrune ├── extglob@0.3.2
74 silly idealTree:prePrune ├── extsprintf@1.3.0
74 silly idealTree:prePrune ├── fast-deep-equal@1.0.0
74 silly idealTree:prePrune ├── fast-levenshtein@2.0.6
74 silly idealTree:prePrune ├── fb-watchman@2.0.0
74 silly idealTree:prePrune ├── filename-regex@2.0.1
74 silly idealTree:prePrune ├── fileset@2.0.3
74 silly idealTree:prePrune ├── fill-range@2.2.3
74 silly idealTree:prePrune ├── find-up@2.1.0
74 silly idealTree:prePrune ├── for-in@1.0.2
74 silly idealTree:prePrune ├── for-own@0.1.5
74 silly idealTree:prePrune ├── forever-agent@0.6.1
74 silly idealTree:prePrune ├── form-data@2.3.1
74 silly idealTree:prePrune ├── fs.realpath@1.0.0
74 silly idealTree:prePrune ├── get-caller-file@1.0.2
74 silly idealTree:prePrune ├── get-stream@3.0.0
74 silly idealTree:prePrune ├── getpass@0.1.7
74 silly idealTree:prePrune ├── glob-base@0.3.0
74 silly idealTree:prePrune ├── glob-parent@2.0.0
74 silly idealTree:prePrune ├── glob@7.1.2
74 silly idealTree:prePrune ├── globals@9.18.0
74 silly idealTree:prePrune ├── graceful-fs@4.1.11
74 silly idealTree:prePrune ├── growly@1.3.0
74 silly idealTree:prePrune ├─┬ handlebars@4.0.10
74 silly idealTree:prePrune │ ├── async@1.5.2
74 silly idealTree:prePrune │ └── source-map@0.4.4
74 silly idealTree:prePrune ├── har-schema@2.0.0
74 silly idealTree:prePrune ├── har-validator@5.0.3
74 silly idealTree:prePrune ├── has-ansi@2.0.0
74 silly idealTree:prePrune ├── has-flag@2.0.0
74 silly idealTree:prePrune ├── hawk@6.0.2
74 silly idealTree:prePrune ├── hoek@4.2.0
74 silly idealTree:prePrune ├── home-or-tmp@2.0.0
74 silly idealTree:prePrune ├── hosted-git-info@2.5.0
74 silly idealTree:prePrune ├── html-encoding-sniffer@1.0.1
74 silly idealTree:prePrune ├── http-signature@1.2.0
74 silly idealTree:prePrune ├── iconv-lite@0.4.13
74 silly idealTree:prePrune ├── imurmurhash@0.1.4
74 silly idealTree:prePrune ├── inflight@1.0.6
74 silly idealTree:prePrune ├── inherits@2.0.3
74 silly idealTree:prePrune ├── invariant@2.2.2
74 silly idealTree:prePrune ├── invert-kv@1.0.0
74 silly idealTree:prePrune ├── is-arrayish@0.2.1
74 silly idealTree:prePrune ├── is-buffer@1.1.5
74 silly idealTree:prePrune ├── is-builtin-module@1.0.0
74 silly idealTree:prePrune ├── is-ci@1.0.10
74 silly idealTree:prePrune ├── is-dotfile@1.0.3
74 silly idealTree:prePrune ├── is-equal-shallow@0.1.3
74 silly idealTree:prePrune ├── is-extendable@0.1.1
74 silly idealTree:prePrune ├── is-extglob@1.0.0
74 silly idealTree:prePrune ├── is-finite@1.0.2
74 silly idealTree:prePrune ├── is-fullwidth-code-point@1.0.0
74 silly idealTree:prePrune ├── is-glob@2.0.1
74 silly idealTree:prePrune ├── is-number@2.1.0
74 silly idealTree:prePrune ├── is-posix-bracket@0.1.1
74 silly idealTree:prePrune ├── is-primitive@2.0.0
74 silly idealTree:prePrune ├── is-stream@1.1.0
74 silly idealTree:prePrune ├── is-typedarray@1.0.0
74 silly idealTree:prePrune ├── is-utf8@0.2.1
74 silly idealTree:prePrune ├── isarray@1.0.0
74 silly idealTree:prePrune ├── isexe@2.0.0
74 silly idealTree:prePrune ├── isobject@2.1.0
74 silly idealTree:prePrune ├── isstream@0.1.2
74 silly idealTree:prePrune ├── istanbul-api@1.1.14
74 silly idealTree:prePrune ├── istanbul-lib-coverage@1.1.1
74 silly idealTree:prePrune ├── istanbul-lib-hook@1.0.7
74 silly idealTree:prePrune ├── istanbul-lib-instrument@1.8.0
74 silly idealTree:prePrune ├─┬ istanbul-lib-report@1.1.1
74 silly idealTree:prePrune │ ├── has-flag@1.0.0
74 silly idealTree:prePrune │ └── supports-color@3.2.3
74 silly idealTree:prePrune ├── istanbul-lib-source-maps@1.2.1
74 silly idealTree:prePrune ├── istanbul-reports@1.1.2
74 silly idealTree:prePrune ├── jest-changed-files@21.1.0
74 silly idealTree:prePrune ├── jest-config@21.1.0
74 silly idealTree:prePrune ├── jest-diff@21.1.0
74 silly idealTree:prePrune ├── jest-docblock@21.1.0
74 silly idealTree:prePrune ├── jest-environment-jsdom@21.1.0
74 silly idealTree:prePrune ├── jest-environment-node@21.1.0
74 silly idealTree:prePrune ├── jest-get-type@21.0.2
74 silly idealTree:prePrune ├── jest-haste-map@21.1.0
74 silly idealTree:prePrune ├── jest-jasmine2@21.1.0
74 silly idealTree:prePrune ├── jest-matcher-utils@21.1.0
74 silly idealTree:prePrune ├── jest-message-util@21.1.0
74 silly idealTree:prePrune ├── jest-mock@21.1.0
74 silly idealTree:prePrune ├── jest-regex-util@21.1.0
74 silly idealTree:prePrune ├── jest-resolve-dependencies@21.1.0
74 silly idealTree:prePrune ├── jest-resolve@21.1.0
74 silly idealTree:prePrune ├── jest-runner@21.1.0
74 silly idealTree:prePrune ├─┬ jest-runtime@21.1.0
74 silly idealTree:prePrune │ └── strip-bom@3.0.0
74 silly idealTree:prePrune ├── jest-snapshot@21.1.0
74 silly idealTree:prePrune ├── jest-util@21.1.0
74 silly idealTree:prePrune ├── jest-validate@21.1.0
74 silly idealTree:prePrune ├─┬ jest@21.1.0
74 silly idealTree:prePrune │ └── jest-cli@21.1.0
74 silly idealTree:prePrune ├── js-tokens@3.0.2
74 silly idealTree:prePrune ├── js-yaml@3.10.0
74 silly idealTree:prePrune ├── jsbn@0.1.1
74 silly idealTree:prePrune ├── jsdom@9.12.0
74 silly idealTree:prePrune ├── jsesc@1.3.0
74 silly idealTree:prePrune ├── json-schema-traverse@0.3.1
74 silly idealTree:prePrune ├── json-schema@0.2.3
74 silly idealTree:prePrune ├── json-stable-stringify@1.0.1
74 silly idealTree:prePrune ├── json-stringify-safe@5.0.1
74 silly idealTree:prePrune ├── json5@0.5.1
74 silly idealTree:prePrune ├── jsonify@0.0.0
74 silly idealTree:prePrune ├── jsprim@1.4.1
74 silly idealTree:prePrune ├── kind-of@3.2.2
74 silly idealTree:prePrune ├── lazy-cache@1.0.4
74 silly idealTree:prePrune ├── lcid@1.0.0
74 silly idealTree:prePrune ├── leven@2.1.0
74 silly idealTree:prePrune ├── levn@0.3.0
74 silly idealTree:prePrune ├─┬ load-json-file@1.1.0
74 silly idealTree:prePrune │ └── pify@2.3.0
74 silly idealTree:prePrune ├── locate-path@2.0.0
74 silly idealTree:prePrune ├── lodash@4.17.4
74 silly idealTree:prePrune ├── longest@1.0.1
74 silly idealTree:prePrune ├── loose-envify@1.3.1
74 silly idealTree:prePrune ├── lru-cache@4.1.1
74 silly idealTree:prePrune ├── makeerror@1.0.11
74 silly idealTree:prePrune ├── mem@1.1.0
74 silly idealTree:prePrune ├── merge@1.2.0
74 silly idealTree:prePrune ├── micromatch@2.3.11
74 silly idealTree:prePrune ├── mime-db@1.30.0
74 silly idealTree:prePrune ├── mime-types@2.1.17
74 silly idealTree:prePrune ├── mimic-fn@1.1.0
74 silly idealTree:prePrune ├── minimatch@3.0.4
74 silly idealTree:prePrune ├── minimist@0.0.8
74 silly idealTree:prePrune ├── mkdirp@0.5.1
74 silly idealTree:prePrune ├── ms@2.0.0
74 silly idealTree:prePrune ├── natural-compare@1.4.0
74 silly idealTree:prePrune ├── node-int64@0.4.0
74 silly idealTree:prePrune ├── node-notifier@5.1.2
74 silly idealTree:prePrune ├── normalize-package-data@2.4.0
74 silly idealTree:prePrune ├── normalize-path@2.1.1
74 silly idealTree:prePrune ├── npm-run-path@2.0.2
74 silly idealTree:prePrune ├── number-is-nan@1.0.1
74 silly idealTree:prePrune ├── nwmatcher@1.4.2
74 silly idealTree:prePrune ├── oauth-sign@0.8.2
74 silly idealTree:prePrune ├── object-assign@4.1.1
74 silly idealTree:prePrune ├── object.omit@2.0.1
74 silly idealTree:prePrune ├── once@1.4.0
74 silly idealTree:prePrune ├── optimist@0.6.1
74 silly idealTree:prePrune ├─┬ optionator@0.8.2
74 silly idealTree:prePrune │ └── wordwrap@1.0.0
74 silly idealTree:prePrune ├── os-homedir@1.0.2
74 silly idealTree:prePrune ├── os-locale@2.1.0
74 silly idealTree:prePrune ├── os-tmpdir@1.0.2
74 silly idealTree:prePrune ├── p-cancelable@0.3.0
74 silly idealTree:prePrune ├── p-finally@1.0.0
74 silly idealTree:prePrune ├── p-limit@1.1.0
74 silly idealTree:prePrune ├── p-locate@2.0.0
74 silly idealTree:prePrune ├── parse-glob@3.0.4
74 silly idealTree:prePrune ├── parse-json@2.2.0
74 silly idealTree:prePrune ├── parse5@1.5.1
74 silly idealTree:prePrune ├── path-exists@3.0.0
74 silly idealTree:prePrune ├── path-is-absolute@1.0.1
74 silly idealTree:prePrune ├── path-key@2.0.1
74 silly idealTree:prePrune ├── path-parse@1.0.5
74 silly idealTree:prePrune ├─┬ path-type@1.1.0
74 silly idealTree:prePrune │ └── pify@2.3.0
74 silly idealTree:prePrune ├── performance-now@2.1.0
74 silly idealTree:prePrune ├── pify@3.0.0
74 silly idealTree:prePrune ├── pinkie-promise@2.0.1
74 silly idealTree:prePrune ├── pinkie@2.0.4
74 silly idealTree:prePrune ├── prelude-ls@1.1.2
74 silly idealTree:prePrune ├── preserve@0.2.0
74 silly idealTree:prePrune ├─┬ pretty-format@21.1.0
74 silly idealTree:prePrune │ └── ansi-regex@3.0.0
74 silly idealTree:prePrune ├── private@0.1.7
74 silly idealTree:prePrune ├── prr@0.0.0
74 silly idealTree:prePrune ├── pseudomap@1.0.2
74 silly idealTree:prePrune ├── punycode@1.4.1
74 silly idealTree:prePrune ├── qs@6.5.1
74 silly idealTree:prePrune ├─┬ randomatic@1.1.7
74 silly idealTree:prePrune │ ├─┬ is-number@3.0.0
74 silly idealTree:prePrune │ │ └── kind-of@3.2.2
74 silly idealTree:prePrune │ └── kind-of@4.0.0
74 silly idealTree:prePrune ├─┬ read-pkg-up@1.0.1
74 silly idealTree:prePrune │ ├── find-up@1.1.2
74 silly idealTree:prePrune │ └── path-exists@2.1.0
74 silly idealTree:prePrune ├── read-pkg@1.1.0
74 silly idealTree:prePrune ├── regenerator-runtime@0.11.0
74 silly idealTree:prePrune ├── regex-cache@0.4.4
74 silly idealTree:prePrune ├── remove-trailing-separator@1.1.0
74 silly idealTree:prePrune ├── repeat-element@1.1.2
74 silly idealTree:prePrune ├── repeat-string@1.6.1
74 silly idealTree:prePrune ├── repeating@2.0.1
74 silly idealTree:prePrune ├── request@2.82.0
74 silly idealTree:prePrune ├── require-directory@2.1.1
74 silly idealTree:prePrune ├── require-main-filename@1.0.1
74 silly idealTree:prePrune ├── resolve@1.1.7
74 silly idealTree:prePrune ├── right-align@0.1.3
74 silly idealTree:prePrune ├── rimraf@2.6.2
74 silly idealTree:prePrune ├── safe-buffer@5.1.1
74 silly idealTree:prePrune ├─┬ sane@2.2.0
74 silly idealTree:prePrune │ └── minimist@1.2.0
74 silly idealTree:prePrune ├── sax@1.2.4
74 silly idealTree:prePrune ├── semver@5.4.1
74 silly idealTree:prePrune ├── set-blocking@2.0.0
74 silly idealTree:prePrune ├── shebang-command@1.2.0
74 silly idealTree:prePrune ├── shebang-regex@1.0.0
74 silly idealTree:prePrune ├── shellwords@0.1.1
74 silly idealTree:prePrune ├── signal-exit@3.0.2
74 silly idealTree:prePrune ├── slash@1.0.0
74 silly idealTree:prePrune ├── sntp@2.0.2
74 silly idealTree:prePrune ├── source-map-support@0.4.18
74 silly idealTree:prePrune ├── source-map@0.5.7
74 silly idealTree:prePrune ├── spdx-correct@1.0.2
74 silly idealTree:prePrune ├── spdx-expression-parse@1.0.4
74 silly idealTree:prePrune ├── spdx-license-ids@1.2.2
74 silly idealTree:prePrune ├── sprintf-js@1.0.3
74 silly idealTree:prePrune ├── sshpk@1.13.1
74 silly idealTree:prePrune ├── string-length@2.0.0
74 silly idealTree:prePrune ├─┬ string-width@2.1.1
74 silly idealTree:prePrune │ └── is-fullwidth-code-point@2.0.0
74 silly idealTree:prePrune ├── stringstream@0.0.5
74 silly idealTree:prePrune ├─┬ strip-ansi@4.0.0
74 silly idealTree:prePrune │ └── ansi-regex@3.0.0
74 silly idealTree:prePrune ├── strip-bom@2.0.0
74 silly idealTree:prePrune ├── strip-eof@1.0.0
74 silly idealTree:prePrune ├── supports-color@4.4.0
74 silly idealTree:prePrune ├── symbol-tree@3.2.2
74 silly idealTree:prePrune ├── test-exclude@4.1.1
74 silly idealTree:prePrune ├── throat@4.1.0
74 silly idealTree:prePrune ├── tmpl@1.0.4
74 silly idealTree:prePrune ├── to-fast-properties@1.0.3
74 silly idealTree:prePrune ├── tough-cookie@2.3.3
74 silly idealTree:prePrune ├── tr46@0.0.3
74 silly idealTree:prePrune ├── trim-right@1.0.1
74 silly idealTree:prePrune ├── tunnel-agent@0.6.0
74 silly idealTree:prePrune ├── tweetnacl@0.14.5
74 silly idealTree:prePrune ├── type-check@0.3.2
74 silly idealTree:prePrune ├─┬ uglify-js@2.8.29
74 silly idealTree:prePrune │ └── yargs@3.10.0
74 silly idealTree:prePrune ├── uglify-to-browserify@1.0.2
74 silly idealTree:prePrune ├── uuid@3.1.0
74 silly idealTree:prePrune ├── validate-npm-package-license@3.0.1
74 silly idealTree:prePrune ├── verror@1.10.0
74 silly idealTree:prePrune ├── walker@1.0.7
74 silly idealTree:prePrune ├─┬ watch@0.18.0
74 silly idealTree:prePrune │ └── minimist@1.2.0
74 silly idealTree:prePrune ├── webidl-conversions@4.0.2
74 silly idealTree:prePrune ├── whatwg-encoding@1.0.1
74 silly idealTree:prePrune ├─┬ whatwg-url@4.8.0
74 silly idealTree:prePrune │ └── webidl-conversions@3.0.1
74 silly idealTree:prePrune ├── which-module@2.0.0
74 silly idealTree:prePrune ├── which@1.3.0
74 silly idealTree:prePrune ├── window-size@0.1.0
74 silly idealTree:prePrune ├── wordwrap@0.0.3
74 silly idealTree:prePrune ├── worker-farm@1.5.0
74 silly idealTree:prePrune ├─┬ wrap-ansi@2.1.0
74 silly idealTree:prePrune │ ├── string-width@1.0.2
74 silly idealTree:prePrune │ └── strip-ansi@3.0.1
74 silly idealTree:prePrune ├── wrappy@1.0.2
74 silly idealTree:prePrune ├── write-file-atomic@2.3.0
74 silly idealTree:prePrune ├── xml-name-validator@2.0.1
74 silly idealTree:prePrune ├── xtend@4.0.1
74 silly idealTree:prePrune ├── y18n@3.2.1
74 silly idealTree:prePrune ├── yallist@2.1.2
74 silly idealTree:prePrune ├─┬ yargs-parser@7.0.0
74 silly idealTree:prePrune │ └── camelcase@4.1.0
74 silly idealTree:prePrune └─┬ yargs@9.0.1
74 silly idealTree:prePrune   ├── camelcase@4.1.0
74 silly idealTree:prePrune   ├─┬ cliui@3.2.0
74 silly idealTree:prePrune   │ └── string-width@1.0.2
74 silly idealTree:prePrune   ├── load-json-file@2.0.0
74 silly idealTree:prePrune   ├── path-type@2.0.0
74 silly idealTree:prePrune   ├── pify@2.3.0
74 silly idealTree:prePrune   ├── read-pkg-up@2.0.0
74 silly idealTree:prePrune   ├── read-pkg@2.0.0
74 silly idealTree:prePrune   ├── strip-ansi@3.0.1
74 silly idealTree:prePrune   └── strip-bom@3.0.0
75 silly loadIdealTree Finishing
76 silly currentTree 01-state@0.0.1
76 silly currentTree ├── abab@1.0.4
76 silly currentTree ├── acorn-globals@3.1.0
76 silly currentTree ├── acorn@4.0.13
76 silly currentTree ├── ajv@5.2.3
76 silly currentTree ├── align-text@0.1.4
76 silly currentTree ├── amdefine@1.0.1
76 silly currentTree ├── ansi-escapes@3.0.0
76 silly currentTree ├── ansi-regex@2.1.1
76 silly currentTree ├── ansi-styles@3.2.0
76 silly currentTree ├── anymatch@1.3.2
76 silly currentTree ├── append-transform@0.4.0
76 silly currentTree ├── argparse@1.0.9
76 silly currentTree ├── arr-diff@2.0.0
76 silly currentTree ├── arr-flatten@1.1.0
76 silly currentTree ├── array-equal@1.0.0
76 silly currentTree ├── array-unique@0.2.1
76 silly currentTree ├── arrify@1.0.1
76 silly currentTree ├── asn1@0.2.3
76 silly currentTree ├── assert-plus@1.0.0
76 silly currentTree ├── astral-regex@1.0.0
76 silly currentTree ├── async@2.5.0
76 silly currentTree ├── asynckit@0.4.0
76 silly currentTree ├── aws-sign2@0.7.0
76 silly currentTree ├── aws4@1.6.0
76 silly currentTree ├─┬ babel-code-frame@6.26.0
76 silly currentTree │ ├── ansi-styles@2.2.1
76 silly currentTree │ ├── chalk@1.1.3
76 silly currentTree │ ├── strip-ansi@3.0.1
76 silly currentTree │ └── supports-color@2.0.0
76 silly currentTree ├── babel-core@6.26.0
76 silly currentTree ├── babel-generator@6.26.0
76 silly currentTree ├── babel-helpers@6.24.1
76 silly currentTree ├── babel-jest@21.0.2
76 silly currentTree ├── babel-messages@6.23.0
76 silly currentTree ├── babel-plugin-istanbul@4.1.5
76 silly currentTree ├── babel-plugin-jest-hoist@21.0.2
76 silly currentTree ├── babel-preset-jest@21.0.2
76 silly currentTree ├── babel-register@6.26.0
76 silly currentTree ├── babel-runtime@6.26.0
76 silly currentTree ├── babel-template@6.26.0
76 silly currentTree ├── babel-traverse@6.26.0
76 silly currentTree ├── babel-types@6.26.0
76 silly currentTree ├── babylon@6.18.0
76 silly currentTree ├── balanced-match@1.0.0
76 silly currentTree ├── bcrypt-pbkdf@1.0.1
76 silly currentTree ├── boom@4.3.1
76 silly currentTree ├── brace-expansion@1.1.8
76 silly currentTree ├── braces@1.8.5
76 silly currentTree ├── browser-resolve@1.11.2
76 silly currentTree ├── bser@2.0.0
76 silly currentTree ├── builtin-modules@1.1.1
76 silly currentTree ├── callsites@2.0.0
76 silly currentTree ├── camelcase@1.2.1
76 silly currentTree ├── caseless@0.12.0
76 silly currentTree ├── center-align@0.1.3
76 silly currentTree ├── chalk@2.1.0
76 silly currentTree ├── ci-info@1.1.1
76 silly currentTree ├─┬ cliui@2.1.0
76 silly currentTree │ └── wordwrap@0.0.2
76 silly currentTree ├── co@4.6.0
76 silly currentTree ├── code-point-at@1.1.0
76 silly currentTree ├── color-convert@1.9.0
76 silly currentTree ├── color-name@1.1.3
76 silly currentTree ├── combined-stream@1.0.5
76 silly currentTree ├── concat-map@0.0.1
76 silly currentTree ├── content-type-parser@1.0.1
76 silly currentTree ├── convert-source-map@1.5.0
76 silly currentTree ├── core-js@2.5.1
76 silly currentTree ├── core-util-is@1.0.2
76 silly currentTree ├── cross-spawn@5.1.0
76 silly currentTree ├─┬ cryptiles@3.1.2
76 silly currentTree │ └── boom@5.2.0
76 silly currentTree ├── cssom@0.3.2
76 silly currentTree ├── cssstyle@0.2.37
76 silly currentTree ├── dashdash@1.14.1
76 silly currentTree ├── debug@2.6.9
76 silly currentTree ├── decamelize@1.2.0
76 silly currentTree ├── deep-is@0.1.3
76 silly currentTree ├── default-require-extensions@1.0.0
76 silly currentTree ├── delayed-stream@1.0.0
76 silly currentTree ├── detect-indent@4.0.0
76 silly currentTree ├── diff@3.3.1
76 silly currentTree ├── ecc-jsbn@0.1.1
76 silly currentTree ├── errno@0.1.4
76 silly currentTree ├── error-ex@1.3.1
76 silly currentTree ├── escape-string-regexp@1.0.5
76 silly currentTree ├─┬ escodegen@1.9.0
76 silly currentTree │ └── esprima@3.1.3
76 silly currentTree ├── esprima@4.0.0
76 silly currentTree ├── estraverse@4.2.0
76 silly currentTree ├── esutils@2.0.2
76 silly currentTree ├── exec-sh@0.2.1
76 silly currentTree ├── execa@0.7.0
76 silly currentTree ├── expand-brackets@0.1.5
76 silly currentTree ├── expand-range@1.8.2
76 silly currentTree ├── expect@21.1.0
76 silly currentTree ├── extend@3.0.1
76 silly currentTree ├── extglob@0.3.2
76 silly currentTree ├── extsprintf@1.3.0
76 silly currentTree ├── fast-deep-equal@1.0.0
76 silly currentTree ├── fast-levenshtein@2.0.6
76 silly currentTree ├── fb-watchman@2.0.0
76 silly currentTree ├── filename-regex@2.0.1
76 silly currentTree ├── fileset@2.0.3
76 silly currentTree ├── fill-range@2.2.3
76 silly currentTree ├── find-up@2.1.0
76 silly currentTree ├── for-in@1.0.2
76 silly currentTree ├── for-own@0.1.5
76 silly currentTree ├── forever-agent@0.6.1
76 silly currentTree ├── form-data@2.3.1
76 silly currentTree ├── fs.realpath@1.0.0
76 silly currentTree ├── get-caller-file@1.0.2
76 silly currentTree ├── get-stream@3.0.0
76 silly currentTree ├── getpass@0.1.7
76 silly currentTree ├── glob-base@0.3.0
76 silly currentTree ├── glob-parent@2.0.0
76 silly currentTree ├── glob@7.1.2
76 silly currentTree ├── globals@9.18.0
76 silly currentTree ├── graceful-fs@4.1.11
76 silly currentTree ├── growly@1.3.0
76 silly currentTree ├─┬ handlebars@4.0.10
76 silly currentTree │ ├── async@1.5.2
76 silly currentTree │ └── source-map@0.4.4
76 silly currentTree ├── har-schema@2.0.0
76 silly currentTree ├── har-validator@5.0.3
76 silly currentTree ├── has-ansi@2.0.0
76 silly currentTree ├── has-flag@2.0.0
76 silly currentTree ├── hawk@6.0.2
76 silly currentTree ├── hoek@4.2.0
76 silly currentTree ├── home-or-tmp@2.0.0
76 silly currentTree ├── hosted-git-info@2.5.0
76 silly currentTree ├── html-encoding-sniffer@1.0.1
76 silly currentTree ├── http-signature@1.2.0
76 silly currentTree ├── iconv-lite@0.4.13
76 silly currentTree ├── imurmurhash@0.1.4
76 silly currentTree ├── inflight@1.0.6
76 silly currentTree ├── inherits@2.0.3
76 silly currentTree ├── invariant@2.2.2
76 silly currentTree ├── invert-kv@1.0.0
76 silly currentTree ├── is-arrayish@0.2.1
76 silly currentTree ├── is-buffer@1.1.5
76 silly currentTree ├── is-builtin-module@1.0.0
76 silly currentTree ├── is-ci@1.0.10
76 silly currentTree ├── is-dotfile@1.0.3
76 silly currentTree ├── is-equal-shallow@0.1.3
76 silly currentTree ├── is-extendable@0.1.1
76 silly currentTree ├── is-extglob@1.0.0
76 silly currentTree ├── is-finite@1.0.2
76 silly currentTree ├── is-fullwidth-code-point@1.0.0
76 silly currentTree ├── is-glob@2.0.1
76 silly currentTree ├── is-number@2.1.0
76 silly currentTree ├── is-posix-bracket@0.1.1
76 silly currentTree ├── is-primitive@2.0.0
76 silly currentTree ├── is-stream@1.1.0
76 silly currentTree ├── is-typedarray@1.0.0
76 silly currentTree ├── is-utf8@0.2.1
76 silly currentTree ├── isarray@1.0.0
76 silly currentTree ├── isexe@2.0.0
76 silly currentTree ├── isobject@2.1.0
76 silly currentTree ├── isstream@0.1.2
76 silly currentTree ├── istanbul-api@1.1.14
76 silly currentTree ├── istanbul-lib-coverage@1.1.1
76 silly currentTree ├── istanbul-lib-hook@1.0.7
76 silly currentTree ├── istanbul-lib-instrument@1.8.0
76 silly currentTree ├─┬ istanbul-lib-report@1.1.1
76 silly currentTree │ ├── has-flag@1.0.0
76 silly currentTree │ └── supports-color@3.2.3
76 silly currentTree ├── istanbul-lib-source-maps@1.2.1
76 silly currentTree ├── istanbul-reports@1.1.2
76 silly currentTree ├── jest-changed-files@21.1.0
76 silly currentTree ├── jest-config@21.1.0
76 silly currentTree ├── jest-diff@21.1.0
76 silly currentTree ├── jest-docblock@21.1.0
76 silly currentTree ├── jest-environment-jsdom@21.1.0
76 silly currentTree ├── jest-environment-node@21.1.0
76 silly currentTree ├── jest-get-type@21.0.2
76 silly currentTree ├── jest-haste-map@21.1.0
76 silly currentTree ├── jest-jasmine2@21.1.0
76 silly currentTree ├── jest-matcher-utils@21.1.0
76 silly currentTree ├── jest-message-util@21.1.0
76 silly currentTree ├── jest-mock@21.1.0
76 silly currentTree ├── jest-regex-util@21.1.0
76 silly currentTree ├── jest-resolve-dependencies@21.1.0
76 silly currentTree ├── jest-resolve@21.1.0
76 silly currentTree ├── jest-runner@21.1.0
76 silly currentTree ├─┬ jest-runtime@21.1.0
76 silly currentTree │ └── strip-bom@3.0.0
76 silly currentTree ├── jest-snapshot@21.1.0
76 silly currentTree ├── jest-util@21.1.0
76 silly currentTree ├── jest-validate@21.1.0
76 silly currentTree ├─┬ jest@21.1.0
76 silly currentTree │ └── jest-cli@21.1.0
76 silly currentTree ├── js-tokens@3.0.2
76 silly currentTree ├── js-yaml@3.10.0
76 silly currentTree ├── jsbn@0.1.1
76 silly currentTree ├── jsdom@9.12.0
76 silly currentTree ├── jsesc@1.3.0
76 silly currentTree ├── json-schema-traverse@0.3.1
76 silly currentTree ├── json-schema@0.2.3
76 silly currentTree ├── json-stable-stringify@1.0.1
76 silly currentTree ├── json-stringify-safe@5.0.1
76 silly currentTree ├── json5@0.5.1
76 silly currentTree ├── jsonify@0.0.0
76 silly currentTree ├── jsprim@1.4.1
76 silly currentTree ├── kind-of@3.2.2
76 silly currentTree ├── lazy-cache@1.0.4
76 silly currentTree ├── lcid@1.0.0
76 silly currentTree ├── leven@2.1.0
76 silly currentTree ├── levn@0.3.0
76 silly currentTree ├─┬ load-json-file@1.1.0
76 silly currentTree │ └── pify@2.3.0
76 silly currentTree ├── locate-path@2.0.0
76 silly currentTree ├── lodash@4.17.4
76 silly currentTree ├── longest@1.0.1
76 silly currentTree ├── loose-envify@1.3.1
76 silly currentTree ├── lru-cache@4.1.1
76 silly currentTree ├── makeerror@1.0.11
76 silly currentTree ├── mem@1.1.0
76 silly currentTree ├── merge@1.2.0
76 silly currentTree ├── micromatch@2.3.11
76 silly currentTree ├── mime-db@1.30.0
76 silly currentTree ├── mime-types@2.1.17
76 silly currentTree ├── mimic-fn@1.1.0
76 silly currentTree ├── minimatch@3.0.4
76 silly currentTree ├── minimist@0.0.8
76 silly currentTree ├── mkdirp@0.5.1
76 silly currentTree ├── ms@2.0.0
76 silly currentTree ├── natural-compare@1.4.0
76 silly currentTree ├── node-int64@0.4.0
76 silly currentTree ├── node-notifier@5.1.2
76 silly currentTree ├── normalize-package-data@2.4.0
76 silly currentTree ├── normalize-path@2.1.1
76 silly currentTree ├── npm-run-path@2.0.2
76 silly currentTree ├── number-is-nan@1.0.1
76 silly currentTree ├── nwmatcher@1.4.2
76 silly currentTree ├── oauth-sign@0.8.2
76 silly currentTree ├── object-assign@4.1.1
76 silly currentTree ├── object.omit@2.0.1
76 silly currentTree ├── once@1.4.0
76 silly currentTree ├── optimist@0.6.1
76 silly currentTree ├─┬ optionator@0.8.2
76 silly currentTree │ └── wordwrap@1.0.0
76 silly currentTree ├── os-homedir@1.0.2
76 silly currentTree ├── os-locale@2.1.0
76 silly currentTree ├── os-tmpdir@1.0.2
76 silly currentTree ├── p-cancelable@0.3.0
76 silly currentTree ├── p-finally@1.0.0
76 silly currentTree ├── p-limit@1.1.0
76 silly currentTree ├── p-locate@2.0.0
76 silly currentTree ├── parse-glob@3.0.4
76 silly currentTree ├── parse-json@2.2.0
76 silly currentTree ├── parse5@1.5.1
76 silly currentTree ├── path-exists@3.0.0
76 silly currentTree ├── path-is-absolute@1.0.1
76 silly currentTree ├── path-key@2.0.1
76 silly currentTree ├── path-parse@1.0.5
76 silly currentTree ├─┬ path-type@1.1.0
76 silly currentTree │ └── pify@2.3.0
76 silly currentTree ├── performance-now@2.1.0
76 silly currentTree ├── pify@3.0.0
76 silly currentTree ├── pinkie-promise@2.0.1
76 silly currentTree ├── pinkie@2.0.4
76 silly currentTree ├── prelude-ls@1.1.2
76 silly currentTree ├── preserve@0.2.0
76 silly currentTree ├─┬ pretty-format@21.1.0
76 silly currentTree │ └── ansi-regex@3.0.0
76 silly currentTree ├── private@0.1.7
76 silly currentTree ├── prr@0.0.0
76 silly currentTree ├── pseudomap@1.0.2
76 silly currentTree ├── punycode@1.4.1
76 silly currentTree ├── qs@6.5.1
76 silly currentTree ├─┬ randomatic@1.1.7
76 silly currentTree │ ├─┬ is-number@3.0.0
76 silly currentTree │ │ └── kind-of@3.2.2
76 silly currentTree │ └── kind-of@4.0.0
76 silly currentTree ├─┬ read-pkg-up@1.0.1
76 silly currentTree │ ├── find-up@1.1.2
76 silly currentTree │ └── path-exists@2.1.0
76 silly currentTree ├── read-pkg@1.1.0
76 silly currentTree ├── regenerator-runtime@0.11.0
76 silly currentTree ├── regex-cache@0.4.4
76 silly currentTree ├── remove-trailing-separator@1.1.0
76 silly currentTree ├── repeat-element@1.1.2
76 silly currentTree ├── repeat-string@1.6.1
76 silly currentTree ├── repeating@2.0.1
76 silly currentTree ├── request@2.82.0
76 silly currentTree ├── require-directory@2.1.1
76 silly currentTree ├── require-main-filename@1.0.1
76 silly currentTree ├── resolve@1.1.7
76 silly currentTree ├── right-align@0.1.3
76 silly currentTree ├── rimraf@2.6.2
76 silly currentTree ├── safe-buffer@5.1.1
76 silly currentTree ├─┬ sane@2.2.0
76 silly currentTree │ └── minimist@1.2.0
76 silly currentTree ├── sax@1.2.4
76 silly currentTree ├── semver@5.4.1
76 silly currentTree ├── set-blocking@2.0.0
76 silly currentTree ├── shebang-command@1.2.0
76 silly currentTree ├── shebang-regex@1.0.0
76 silly currentTree ├── shellwords@0.1.1
76 silly currentTree ├── signal-exit@3.0.2
76 silly currentTree ├── slash@1.0.0
76 silly currentTree ├── sntp@2.0.2
76 silly currentTree ├── source-map-support@0.4.18
76 silly currentTree ├── source-map@0.5.7
76 silly currentTree ├── spdx-correct@1.0.2
76 silly currentTree ├── spdx-expression-parse@1.0.4
76 silly currentTree ├── spdx-license-ids@1.2.2
76 silly currentTree ├── sprintf-js@1.0.3
76 silly currentTree ├── sshpk@1.13.1
76 silly currentTree ├── string-length@2.0.0
76 silly currentTree ├─┬ string-width@2.1.1
76 silly currentTree │ └── is-fullwidth-code-point@2.0.0
76 silly currentTree ├── stringstream@0.0.5
76 silly currentTree ├─┬ strip-ansi@4.0.0
76 silly currentTree │ └── ansi-regex@3.0.0
76 silly currentTree ├── strip-bom@2.0.0
76 silly currentTree ├── strip-eof@1.0.0
76 silly currentTree ├── supports-color@4.4.0
76 silly currentTree ├── symbol-tree@3.2.2
76 silly currentTree ├── test-exclude@4.1.1
76 silly currentTree ├── throat@4.1.0
76 silly currentTree ├── tmpl@1.0.4
76 silly currentTree ├── to-fast-properties@1.0.3
76 silly currentTree ├── tough-cookie@2.3.3
76 silly currentTree ├── tr46@0.0.3
76 silly currentTree ├── trim-right@1.0.1
76 silly currentTree ├── tunnel-agent@0.6.0
76 silly currentTree ├── tweetnacl@0.14.5
76 silly currentTree ├── type-check@0.3.2
76 silly currentTree ├─┬ uglify-js@2.8.29
76 silly currentTree │ └── yargs@3.10.0
76 silly currentTree ├── uglify-to-browserify@1.0.2
76 silly currentTree ├── uuid@3.1.0
76 silly currentTree ├── validate-npm-package-license@3.0.1
76 silly currentTree ├── verror@1.10.0
76 silly currentTree ├── walker@1.0.7
76 silly currentTree ├─┬ watch@0.18.0
76 silly currentTree │ └── minimist@1.2.0
76 silly currentTree ├── webidl-conversions@4.0.2
76 silly currentTree ├── whatwg-encoding@1.0.1
76 silly currentTree ├─┬ whatwg-url@4.8.0
76 silly currentTree │ └── webidl-conversions@3.0.1
76 silly currentTree ├── which-module@2.0.0
76 silly currentTree ├── which@1.3.0
76 silly currentTree ├── window-size@0.1.0
76 silly currentTree ├── wordwrap@0.0.3
76 silly currentTree ├── worker-farm@1.5.0
76 silly currentTree ├─┬ wrap-ansi@2.1.0
76 silly currentTree │ ├── string-width@1.0.2
76 silly currentTree │ └── strip-ansi@3.0.1
76 silly currentTree ├── wrappy@1.0.2
76 silly currentTree ├── write-file-atomic@2.3.0
76 silly currentTree ├── xml-name-validator@2.0.1
76 silly currentTree ├── xtend@4.0.1
76 silly currentTree ├── y18n@3.2.1
76 silly currentTree ├── yallist@2.1.2
76 silly currentTree ├─┬ yargs-parser@7.0.0
76 silly currentTree │ └── camelcase@4.1.0
76 silly currentTree └─┬ yargs@9.0.1
76 silly currentTree   ├── camelcase@4.1.0
76 silly currentTree   ├─┬ cliui@3.2.0
76 silly currentTree   │ └── string-width@1.0.2
76 silly currentTree   ├── load-json-file@2.0.0
76 silly currentTree   ├── path-type@2.0.0
76 silly currentTree   ├── pify@2.3.0
76 silly currentTree   ├── read-pkg-up@2.0.0
76 silly currentTree   ├── read-pkg@2.0.0
76 silly currentTree   ├── strip-ansi@3.0.1
76 silly currentTree   └── strip-bom@3.0.0
77 silly idealTree 01-state@0.0.1
77 silly idealTree ├── abab@1.0.4
77 silly idealTree ├── acorn-globals@3.1.0
77 silly idealTree ├── acorn@4.0.13
77 silly idealTree ├── ajv@5.2.3
77 silly idealTree ├── align-text@0.1.4
77 silly idealTree ├── amdefine@1.0.1
77 silly idealTree ├── ansi-escapes@3.0.0
77 silly idealTree ├── ansi-regex@2.1.1
77 silly idealTree ├── ansi-styles@3.2.0
77 silly idealTree ├── anymatch@1.3.2
77 silly idealTree ├── append-transform@0.4.0
77 silly idealTree ├── argparse@1.0.9
77 silly idealTree ├── arr-diff@2.0.0
77 silly idealTree ├── arr-flatten@1.1.0
77 silly idealTree ├── array-equal@1.0.0
77 silly idealTree ├── array-unique@0.2.1
77 silly idealTree ├── arrify@1.0.1
77 silly idealTree ├── asn1@0.2.3
77 silly idealTree ├── assert-plus@1.0.0
77 silly idealTree ├── astral-regex@1.0.0
77 silly idealTree ├── async@2.5.0
77 silly idealTree ├── asynckit@0.4.0
77 silly idealTree ├── aws-sign2@0.7.0
77 silly idealTree ├── aws4@1.6.0
77 silly idealTree ├─┬ babel-code-frame@6.26.0
77 silly idealTree │ ├── ansi-styles@2.2.1
77 silly idealTree │ ├── chalk@1.1.3
77 silly idealTree │ ├── strip-ansi@3.0.1
77 silly idealTree │ └── supports-color@2.0.0
77 silly idealTree ├── babel-core@6.26.0
77 silly idealTree ├── babel-generator@6.26.0
77 silly idealTree ├── babel-helpers@6.24.1
77 silly idealTree ├── babel-jest@21.0.2
77 silly idealTree ├── babel-messages@6.23.0
77 silly idealTree ├── babel-plugin-istanbul@4.1.5
77 silly idealTree ├── babel-plugin-jest-hoist@21.0.2
77 silly idealTree ├── babel-preset-jest@21.0.2
77 silly idealTree ├── babel-register@6.26.0
77 silly idealTree ├── babel-runtime@6.26.0
77 silly idealTree ├── babel-template@6.26.0
77 silly idealTree ├── babel-traverse@6.26.0
77 silly idealTree ├── babel-types@6.26.0
77 silly idealTree ├── babylon@6.18.0
77 silly idealTree ├── balanced-match@1.0.0
77 silly idealTree ├── bcrypt-pbkdf@1.0.1
77 silly idealTree ├── boom@4.3.1
77 silly idealTree ├── brace-expansion@1.1.8
77 silly idealTree ├── braces@1.8.5
77 silly idealTree ├── browser-resolve@1.11.2
77 silly idealTree ├── bser@2.0.0
77 silly idealTree ├── builtin-modules@1.1.1
77 silly idealTree ├── callsites@2.0.0
77 silly idealTree ├── camelcase@1.2.1
77 silly idealTree ├── caseless@0.12.0
77 silly idealTree ├── center-align@0.1.3
77 silly idealTree ├── chalk@2.1.0
77 silly idealTree ├── ci-info@1.1.1
77 silly idealTree ├─┬ cliui@2.1.0
77 silly idealTree │ └── wordwrap@0.0.2
77 silly idealTree ├── co@4.6.0
77 silly idealTree ├── code-point-at@1.1.0
77 silly idealTree ├── color-convert@1.9.0
77 silly idealTree ├── color-name@1.1.3
77 silly idealTree ├── combined-stream@1.0.5
77 silly idealTree ├── concat-map@0.0.1
77 silly idealTree ├── content-type-parser@1.0.1
77 silly idealTree ├── convert-source-map@1.5.0
77 silly idealTree ├── core-js@2.5.1
77 silly idealTree ├── core-util-is@1.0.2
77 silly idealTree ├── cross-spawn@5.1.0
77 silly idealTree ├─┬ cryptiles@3.1.2
77 silly idealTree │ └── boom@5.2.0
77 silly idealTree ├── cssom@0.3.2
77 silly idealTree ├── cssstyle@0.2.37
77 silly idealTree ├── dashdash@1.14.1
77 silly idealTree ├── debug@2.6.9
77 silly idealTree ├── decamelize@1.2.0
77 silly idealTree ├── deep-is@0.1.3
77 silly idealTree ├── default-require-extensions@1.0.0
77 silly idealTree ├── delayed-stream@1.0.0
77 silly idealTree ├── detect-indent@4.0.0
77 silly idealTree ├── diff@3.3.1
77 silly idealTree ├── ecc-jsbn@0.1.1
77 silly idealTree ├── errno@0.1.4
77 silly idealTree ├── error-ex@1.3.1
77 silly idealTree ├── escape-string-regexp@1.0.5
77 silly idealTree ├─┬ escodegen@1.9.0
77 silly idealTree │ └── esprima@3.1.3
77 silly idealTree ├── esprima@4.0.0
77 silly idealTree ├── estraverse@4.2.0
77 silly idealTree ├── esutils@2.0.2
77 silly idealTree ├── exec-sh@0.2.1
77 silly idealTree ├── execa@0.7.0
77 silly idealTree ├── expand-brackets@0.1.5
77 silly idealTree ├── expand-range@1.8.2
77 silly idealTree ├── expect@21.1.0
77 silly idealTree ├── extend@3.0.1
77 silly idealTree ├── extglob@0.3.2
77 silly idealTree ├── extsprintf@1.3.0
77 silly idealTree ├── fast-deep-equal@1.0.0
77 silly idealTree ├── fast-levenshtein@2.0.6
77 silly idealTree ├── fb-watchman@2.0.0
77 silly idealTree ├── filename-regex@2.0.1
77 silly idealTree ├── fileset@2.0.3
77 silly idealTree ├── fill-range@2.2.3
77 silly idealTree ├── find-up@2.1.0
77 silly idealTree ├── for-in@1.0.2
77 silly idealTree ├── for-own@0.1.5
77 silly idealTree ├── forever-agent@0.6.1
77 silly idealTree ├── form-data@2.3.1
77 silly idealTree ├── fs.realpath@1.0.0
77 silly idealTree ├── get-caller-file@1.0.2
77 silly idealTree ├── get-stream@3.0.0
77 silly idealTree ├── getpass@0.1.7
77 silly idealTree ├── glob-base@0.3.0
77 silly idealTree ├── glob-parent@2.0.0
77 silly idealTree ├── glob@7.1.2
77 silly idealTree ├── globals@9.18.0
77 silly idealTree ├── graceful-fs@4.1.11
77 silly idealTree ├── growly@1.3.0
77 silly idealTree ├─┬ handlebars@4.0.10
77 silly idealTree │ ├── async@1.5.2
77 silly idealTree │ └── source-map@0.4.4
77 silly idealTree ├── har-schema@2.0.0
77 silly idealTree ├── har-validator@5.0.3
77 silly idealTree ├── has-ansi@2.0.0
77 silly idealTree ├── has-flag@2.0.0
77 silly idealTree ├── hawk@6.0.2
77 silly idealTree ├── hoek@4.2.0
77 silly idealTree ├── home-or-tmp@2.0.0
77 silly idealTree ├── hosted-git-info@2.5.0
77 silly idealTree ├── html-encoding-sniffer@1.0.1
77 silly idealTree ├── http-signature@1.2.0
77 silly idealTree ├── iconv-lite@0.4.13
77 silly idealTree ├── imurmurhash@0.1.4
77 silly idealTree ├── inflight@1.0.6
77 silly idealTree ├── inherits@2.0.3
77 silly idealTree ├── invariant@2.2.2
77 silly idealTree ├── invert-kv@1.0.0
77 silly idealTree ├── is-arrayish@0.2.1
77 silly idealTree ├── is-buffer@1.1.5
77 silly idealTree ├── is-builtin-module@1.0.0
77 silly idealTree ├── is-ci@1.0.10
77 silly idealTree ├── is-dotfile@1.0.3
77 silly idealTree ├── is-equal-shallow@0.1.3
77 silly idealTree ├── is-extendable@0.1.1
77 silly idealTree ├── is-extglob@1.0.0
77 silly idealTree ├── is-finite@1.0.2
77 silly idealTree ├── is-fullwidth-code-point@1.0.0
77 silly idealTree ├── is-glob@2.0.1
77 silly idealTree ├── is-number@2.1.0
77 silly idealTree ├── is-posix-bracket@0.1.1
77 silly idealTree ├── is-primitive@2.0.0
77 silly idealTree ├── is-stream@1.1.0
77 silly idealTree ├── is-typedarray@1.0.0
77 silly idealTree ├── is-utf8@0.2.1
77 silly idealTree ├── isarray@1.0.0
77 silly idealTree ├── isexe@2.0.0
77 silly idealTree ├── isobject@2.1.0
77 silly idealTree ├── isstream@0.1.2
77 silly idealTree ├── istanbul-api@1.1.14
77 silly idealTree ├── istanbul-lib-coverage@1.1.1
77 silly idealTree ├── istanbul-lib-hook@1.0.7
77 silly idealTree ├── istanbul-lib-instrument@1.8.0
77 silly idealTree ├─┬ istanbul-lib-report@1.1.1
77 silly idealTree │ ├── has-flag@1.0.0
77 silly idealTree │ └── supports-color@3.2.3
77 silly idealTree ├── istanbul-lib-source-maps@1.2.1
77 silly idealTree ├── istanbul-reports@1.1.2
77 silly idealTree ├── jest-changed-files@21.1.0
77 silly idealTree ├── jest-config@21.1.0
77 silly idealTree ├── jest-diff@21.1.0
77 silly idealTree ├── jest-docblock@21.1.0
77 silly idealTree ├── jest-environment-jsdom@21.1.0
77 silly idealTree ├── jest-environment-node@21.1.0
77 silly idealTree ├── jest-get-type@21.0.2
77 silly idealTree ├── jest-haste-map@21.1.0
77 silly idealTree ├── jest-jasmine2@21.1.0
77 silly idealTree ├── jest-matcher-utils@21.1.0
77 silly idealTree ├── jest-message-util@21.1.0
77 silly idealTree ├── jest-mock@21.1.0
77 silly idealTree ├── jest-regex-util@21.1.0
77 silly idealTree ├── jest-resolve-dependencies@21.1.0
77 silly idealTree ├── jest-resolve@21.1.0
77 silly idealTree ├── jest-runner@21.1.0
77 silly idealTree ├─┬ jest-runtime@21.1.0
77 silly idealTree │ └── strip-bom@3.0.0
77 silly idealTree ├── jest-snapshot@21.1.0
77 silly idealTree ├── jest-util@21.1.0
77 silly idealTree ├── jest-validate@21.1.0
77 silly idealTree ├─┬ jest@21.1.0
77 silly idealTree │ └── jest-cli@21.1.0
77 silly idealTree ├── js-tokens@3.0.2
77 silly idealTree ├── js-yaml@3.10.0
77 silly idealTree ├── jsbn@0.1.1
77 silly idealTree ├── jsdom@9.12.0
77 silly idealTree ├── jsesc@1.3.0
77 silly idealTree ├── json-schema-traverse@0.3.1
77 silly idealTree ├── json-schema@0.2.3
77 silly idealTree ├── json-stable-stringify@1.0.1
77 silly idealTree ├── json-stringify-safe@5.0.1
77 silly idealTree ├── json5@0.5.1
77 silly idealTree ├── jsonify@0.0.0
77 silly idealTree ├── jsprim@1.4.1
77 silly idealTree ├── kind-of@3.2.2
77 silly idealTree ├── lazy-cache@1.0.4
77 silly idealTree ├── lcid@1.0.0
77 silly idealTree ├── leven@2.1.0
77 silly idealTree ├── levn@0.3.0
77 silly idealTree ├─┬ load-json-file@1.1.0
77 silly idealTree │ └── pify@2.3.0
77 silly idealTree ├── locate-path@2.0.0
77 silly idealTree ├── lodash@4.17.4
77 silly idealTree ├── longest@1.0.1
77 silly idealTree ├── loose-envify@1.3.1
77 silly idealTree ├── lru-cache@4.1.1
77 silly idealTree ├── makeerror@1.0.11
77 silly idealTree ├── mem@1.1.0
77 silly idealTree ├── merge@1.2.0
77 silly idealTree ├── micromatch@2.3.11
77 silly idealTree ├── mime-db@1.30.0
77 silly idealTree ├── mime-types@2.1.17
77 silly idealTree ├── mimic-fn@1.1.0
77 silly idealTree ├── minimatch@3.0.4
77 silly idealTree ├── minimist@0.0.8
77 silly idealTree ├── mkdirp@0.5.1
77 silly idealTree ├── ms@2.0.0
77 silly idealTree ├── natural-compare@1.4.0
77 silly idealTree ├── node-int64@0.4.0
77 silly idealTree ├── node-notifier@5.1.2
77 silly idealTree ├── normalize-package-data@2.4.0
77 silly idealTree ├── normalize-path@2.1.1
77 silly idealTree ├── npm-run-path@2.0.2
77 silly idealTree ├── number-is-nan@1.0.1
77 silly idealTree ├── nwmatcher@1.4.2
77 silly idealTree ├── oauth-sign@0.8.2
77 silly idealTree ├── object-assign@4.1.1
77 silly idealTree ├── object.omit@2.0.1
77 silly idealTree ├── once@1.4.0
77 silly idealTree ├── optimist@0.6.1
77 silly idealTree ├─┬ optionator@0.8.2
77 silly idealTree │ └── wordwrap@1.0.0
77 silly idealTree ├── os-homedir@1.0.2
77 silly idealTree ├── os-locale@2.1.0
77 silly idealTree ├── os-tmpdir@1.0.2
77 silly idealTree ├── p-cancelable@0.3.0
77 silly idealTree ├── p-finally@1.0.0
77 silly idealTree ├── p-limit@1.1.0
77 silly idealTree ├── p-locate@2.0.0
77 silly idealTree ├── parse-glob@3.0.4
77 silly idealTree ├── parse-json@2.2.0
77 silly idealTree ├── parse5@1.5.1
77 silly idealTree ├── path-exists@3.0.0
77 silly idealTree ├── path-is-absolute@1.0.1
77 silly idealTree ├── path-key@2.0.1
77 silly idealTree ├── path-parse@1.0.5
77 silly idealTree ├─┬ path-type@1.1.0
77 silly idealTree │ └── pify@2.3.0
77 silly idealTree ├── performance-now@2.1.0
77 silly idealTree ├── pify@3.0.0
77 silly idealTree ├── pinkie-promise@2.0.1
77 silly idealTree ├── pinkie@2.0.4
77 silly idealTree ├── prelude-ls@1.1.2
77 silly idealTree ├── preserve@0.2.0
77 silly idealTree ├─┬ pretty-format@21.1.0
77 silly idealTree │ └── ansi-regex@3.0.0
77 silly idealTree ├── private@0.1.7
77 silly idealTree ├── prr@0.0.0
77 silly idealTree ├── pseudomap@1.0.2
77 silly idealTree ├── punycode@1.4.1
77 silly idealTree ├── qs@6.5.1
77 silly idealTree ├─┬ randomatic@1.1.7
77 silly idealTree │ ├─┬ is-number@3.0.0
77 silly idealTree │ │ └── kind-of@3.2.2
77 silly idealTree │ └── kind-of@4.0.0
77 silly idealTree ├─┬ read-pkg-up@1.0.1
77 silly idealTree │ ├── find-up@1.1.2
77 silly idealTree │ └── path-exists@2.1.0
77 silly idealTree ├── read-pkg@1.1.0
77 silly idealTree ├── regenerator-runtime@0.11.0
77 silly idealTree ├── regex-cache@0.4.4
77 silly idealTree ├── remove-trailing-separator@1.1.0
77 silly idealTree ├── repeat-element@1.1.2
77 silly idealTree ├── repeat-string@1.6.1
77 silly idealTree ├── repeating@2.0.1
77 silly idealTree ├── request@2.82.0
77 silly idealTree ├── require-directory@2.1.1
77 silly idealTree ├── require-main-filename@1.0.1
77 silly idealTree ├── resolve@1.1.7
77 silly idealTree ├── right-align@0.1.3
77 silly idealTree ├── rimraf@2.6.2
77 silly idealTree ├── safe-buffer@5.1.1
77 silly idealTree ├─┬ sane@2.2.0
77 silly idealTree │ └── minimist@1.2.0
77 silly idealTree ├── sax@1.2.4
77 silly idealTree ├── semver@5.4.1
77 silly idealTree ├── set-blocking@2.0.0
77 silly idealTree ├── shebang-command@1.2.0
77 silly idealTree ├── shebang-regex@1.0.0
77 silly idealTree ├── shellwords@0.1.1
77 silly idealTree ├── signal-exit@3.0.2
77 silly idealTree ├── slash@1.0.0
77 silly idealTree ├── sntp@2.0.2
77 silly idealTree ├── source-map-support@0.4.18
77 silly idealTree ├── source-map@0.5.7
77 silly idealTree ├── spdx-correct@1.0.2
77 silly idealTree ├── spdx-expression-parse@1.0.4
77 silly idealTree ├── spdx-license-ids@1.2.2
77 silly idealTree ├── sprintf-js@1.0.3
77 silly idealTree ├── sshpk@1.13.1
77 silly idealTree ├── string-length@2.0.0
77 silly idealTree ├─┬ string-width@2.1.1
77 silly idealTree │ └── is-fullwidth-code-point@2.0.0
77 silly idealTree ├── stringstream@0.0.5
77 silly idealTree ├─┬ strip-ansi@4.0.0
77 silly idealTree │ └── ansi-regex@3.0.0
77 silly idealTree ├── strip-bom@2.0.0
77 silly idealTree ├── strip-eof@1.0.0
77 silly idealTree ├── supports-color@4.4.0
77 silly idealTree ├── symbol-tree@3.2.2
77 silly idealTree ├── test-exclude@4.1.1
77 silly idealTree ├── throat@4.1.0
77 silly idealTree ├── tmpl@1.0.4
77 silly idealTree ├── to-fast-properties@1.0.3
77 silly idealTree ├── tough-cookie@2.3.3
77 silly idealTree ├── tr46@0.0.3
77 silly idealTree ├── trim-right@1.0.1
77 silly idealTree ├── tunnel-agent@0.6.0
77 silly idealTree ├── tweetnacl@0.14.5
77 silly idealTree ├── type-check@0.3.2
77 silly idealTree ├─┬ uglify-js@2.8.29
77 silly idealTree │ └── yargs@3.10.0
77 silly idealTree ├── uglify-to-browserify@1.0.2
77 silly idealTree ├── uuid@3.1.0
77 silly idealTree ├── validate-npm-package-license@3.0.1
77 silly idealTree ├── verror@1.10.0
77 silly idealTree ├── walker@1.0.7
77 silly idealTree ├─┬ watch@0.18.0
77 silly idealTree │ └── minimist@1.2.0
77 silly idealTree ├── webidl-conversions@4.0.2
77 silly idealTree ├── whatwg-encoding@1.0.1
77 silly idealTree ├─┬ whatwg-url@4.8.0
77 silly idealTree │ └── webidl-conversions@3.0.1
77 silly idealTree ├── which-module@2.0.0
77 silly idealTree ├── which@1.3.0
77 silly idealTree ├── window-size@0.1.0
77 silly idealTree ├── wordwrap@0.0.3
77 silly idealTree ├── worker-farm@1.5.0
77 silly idealTree ├─┬ wrap-ansi@2.1.0
77 silly idealTree │ ├── string-width@1.0.2
77 silly idealTree │ └── strip-ansi@3.0.1
77 silly idealTree ├── wrappy@1.0.2
77 silly idealTree ├── write-file-atomic@2.3.0
77 silly idealTree ├── xml-name-validator@2.0.1
77 silly idealTree ├── xtend@4.0.1
77 silly idealTree ├── y18n@3.2.1
77 silly idealTree ├── yallist@2.1.2
77 silly idealTree ├─┬ yargs-parser@7.0.0
77 silly idealTree │ └── camelcase@4.1.0
77 silly idealTree └─┬ yargs@9.0.1
77 silly idealTree   ├── camelcase@4.1.0
77 silly idealTree   ├─┬ cliui@3.2.0
77 silly idealTree   │ └── string-width@1.0.2
77 silly idealTree   ├── load-json-file@2.0.0
77 silly idealTree   ├── path-type@2.0.0
77 silly idealTree   ├── pify@2.3.0
77 silly idealTree   ├── read-pkg-up@2.0.0
77 silly idealTree   ├── read-pkg@2.0.0
77 silly idealTree   ├── strip-ansi@3.0.1
77 silly idealTree   └── strip-bom@3.0.0
78 silly generateActionsToTake Starting
79 silly install generateActionsToTake
80 silly generateActionsToTake Finishing
81 silly diffTrees action count 0
82 silly decomposeActions action count 0
83 silly executeActions Starting
84 silly install executeActions
85 silly doSerial global-install 0
86 silly doParallel fetch 0
87 verbose lock using /home/laboratoria/.npm/_locks/staging-d606ffb5d52819fb.lock for /home/laboratoria/Desktop/functional-lab/01-state/node_modules/.staging
88 verbose unlock done using /home/laboratoria/.npm/_locks/staging-d606ffb5d52819fb.lock for /home/laboratoria/Desktop/functional-lab/01-state/node_modules/.staging
89 silly rollbackFailedOptional Starting
90 silly rollbackFailedOptional Finishing
91 silly runTopLevelLifecycles Starting
92 silly runTopLevelLifecycles Finishing
93 silly install printInstalled
94 warn optional Skipping failed optional dependency /sane/fsevents:
95 warn notsup Not compatible with your operating system or architecture: fsevents@1.1.2
96 warn 01-state@0.0.1 No repository field.
97 verbose stack Error: EACCES: permission denied, mkdir '/home/laboratoria/Desktop/functional-lab/01-state/node_modules/.staging'
97 verbose stack     at Error (native)
98 verbose cwd /home/laboratoria/Desktop/functional-lab/01-state
99 error Linux 4.10.0-33-generic
100 error argv "/usr/bin/nodejs" "/usr/bin/npm" "install" "lodash" "--save"
101 error node v4.2.6
102 error npm  v3.5.2
103 error path /home/laboratoria/Desktop/functional-lab/01-state/node_modules/.staging
104 error code EACCES
105 error errno -13
106 error syscall mkdir
107 error Error: EACCES: permission denied, mkdir '/home/laboratoria/Desktop/functional-lab/01-state/node_modules/.staging'
107 error     at Error (native)
107 error  { [Error: EACCES: permission denied, mkdir '/home/laboratoria/Desktop/functional-lab/01-state/node_modules/.staging']
107 error   errno: -13,
107 error   code: 'EACCES',
107 error   syscall: 'mkdir',
107 error   path: '/home/laboratoria/Desktop/functional-lab/01-state/node_modules/.staging' }
108 error Please try running this command again as root/Administrator.
109 verbose exit [ -13, true ]
